[GET] http://localhost:8000/api/auth/me => [200] OK
[GET] http://localhost:8000/api/models/live => [200] OK
[GET] http://localhost:8000/api/models/live => [200] OK
[POST] http://localhost:8000/api/jobs => [200] OK
[POST] http://localhost:8000/api/jobs/8a2e7411ba244c7ea13bc06be7fb9e6c/start => [200] OK
[GET] http://localhost:8000/api/jobs/8a2e7411ba244c7ea13bc06be7fb9e6c/terminal.sse?offset=0 => [200] OK
[GET] http://localhost:8000/api/jobs/8a2e7411ba244c7ea13bc06be7fb9e6c/agent_status.sse?offset=0 => [200] OK
[GET] http://localhost:8000/api/jobs/8a2e7411ba244c7ea13bc06be7fb9e6c => [200] OK
[GET] http://localhost:8000/api/jobs/8a2e7411ba244c7ea13bc06be7fb9e6c => [200] OK
[GET] http://localhost:8000/api/jobs/8a2e7411ba244c7ea13bc06be7fb9e6c => [200] OK
[GET] http://localhost:8000/api/jobs/8a2e7411ba244c7ea13bc06be7fb9e6c => [200] OK
[GET] http://localhost:8000/api/jobs/8a2e7411ba244c7ea13bc06be7fb9e6c => [200] OK
[GET] http://localhost:8000/api/jobs/8a2e7411ba244c7ea13bc06be7fb9e6c => [200] OK
[GET] http://localhost:8000/api/jobs/8a2e7411ba244c7ea13bc06be7fb9e6c => [200] OK
[GET] http://localhost:8000/api/jobs/8a2e7411ba244c7ea13bc06be7fb9e6c => [200] OK
[GET] http://localhost:8000/api/jobs/8a2e7411ba244c7ea13bc06be7fb9e6c => [200] OK
[GET] http://localhost:8000/api/jobs/8a2e7411ba244c7ea13bc06be7fb9e6c => [200] OK
[GET] http://localhost:8000/api/jobs/8a2e7411ba244c7ea13bc06be7fb9e6c => [200] OK
[GET] http://localhost:8000/api/jobs/8a2e7411ba244c7ea13bc06be7fb9e6c => [200] OK
[GET] http://localhost:8000/api/jobs/8a2e7411ba244c7ea13bc06be7fb9e6c => [200] OK
[GET] http://localhost:8000/api/jobs/8a2e7411ba244c7ea13bc06be7fb9e6c => [200] OK
[GET] http://localhost:8000/api/jobs/8a2e7411ba244c7ea13bc06be7fb9e6c => [200] OK
[GET] http://localhost:8000/api/jobs/8a2e7411ba244c7ea13bc06be7fb9e6c => [200] OK
[GET] http://localhost:8000/api/jobs/8a2e7411ba244c7ea13bc06be7fb9e6c => [200] OK
[GET] http://localhost:8000/api/jobs/8a2e7411ba244c7ea13bc06be7fb9e6c => [200] OK
[GET] http://localhost:8000/api/jobs/8a2e7411ba244c7ea13bc06be7fb9e6c => [200] OK
[GET] http://localhost:8000/api/jobs/8a2e7411ba244c7ea13bc06be7fb9e6c => [200] OK
[GET] http://localhost:8000/api/jobs/8a2e7411ba244c7ea13bc06be7fb9e6c => [200] OK
[GET] http://localhost:8000/api/jobs/8a2e7411ba244c7ea13bc06be7fb9e6c => [200] OK
[GET] http://localhost:8000/api/jobs/8a2e7411ba244c7ea13bc06be7fb9e6c => [200] OK
[GET] http://localhost:8000/api/jobs/8a2e7411ba244c7ea13bc06be7fb9e6c => [200] OK
[GET] http://localhost:8000/api/jobs/8a2e7411ba244c7ea13bc06be7fb9e6c/artifacts/solution.json => [200] OK
[GET] http://localhost:8000/api/jobs/8a2e7411ba244c7ea13bc06be7fb9e6c/artifacts/main.cpp => [200] OK
[GET] http://localhost:8000/api/jobs/8a2e7411ba244c7ea13bc06be7fb9e6c/artifacts/report.json => [200] OK