[GET] http://localhost:8000/api/jobs/658d75c0c7ff49f38a8adf26a1521de2/terminal.sse?offset=0 => [200] OK
[GET] http://localhost:8000/api/jobs/658d75c0c7ff49f38a8adf26a1521de2/agent_status.sse?offset=0 => [200] OK
[GET] http://localhost:8000/api/auth/me => [200] OK
[GET] http://localhost:8000/api/jobs/658d75c0c7ff49f38a8adf26a1521de2/terminal.sse?offset=0 => [FAILED] net::ERR_ABORTED
[GET] http://localhost:8000/api/jobs/658d75c0c7ff49f38a8adf26a1521de2/agent_status.sse?offset=0 => [FAILED] net::ERR_ABORTED
[GET] http://localhost:8000/api/jobs/658d75c0c7ff49f38a8adf26a1521de2 => [200] OK
[GET] http://localhost:8000/api/jobs/658d75c0c7ff49f38a8adf26a1521de2/terminal.sse?offset=0 => [200] OK
[GET] http://localhost:8000/api/jobs/658d75c0c7ff49f38a8adf26a1521de2/agent_status.sse?offset=0 => [200] OK
[GET] http://localhost:8000/api/jobs/658d75c0c7ff49f38a8adf26a1521de2 => [200] OK
[GET] http://localhost:8000/api/jobs/658d75c0c7ff49f38a8adf26a1521de2/terminal.sse?offset=0 => [FAILED] net::ERR_ABORTED
[GET] http://localhost:8000/api/jobs/658d75c0c7ff49f38a8adf26a1521de2/agent_status.sse?offset=0 => [FAILED] net::ERR_ABORTED
[GET] http://localhost:8000/api/models => [200] OK
[GET] http://localhost:8000/api/models => [200] OK
[GET] http://localhost:8000/api/jobs/658d75c0c7ff49f38a8adf26a1521de2/terminal.sse?offset=0 => [200] OK
[GET] http://localhost:8000/api/jobs/658d75c0c7ff49f38a8adf26a1521de2/agent_status.sse?offset=0 => [200] OK
[GET] http://localhost:8000/api/jobs/658d75c0c7ff49f38a8adf26a1521de2/terminal.sse?offset=0 => [FAILED] net::ERR_ABORTED
[GET] http://localhost:8000/api/jobs/658d75c0c7ff49f38a8adf26a1521de2/agent_status.sse?offset=0 => [FAILED] net::ERR_ABORTED
[GET] http://localhost:8000/api/jobs/658d75c0c7ff49f38a8adf26a1521de2 => [200] OK
[GET] http://localhost:8000/api/jobs/658d75c0c7ff49f38a8adf26a1521de2/terminal.sse?offset=0 => [200] OK
[GET] http://localhost:8000/api/jobs/658d75c0c7ff49f38a8adf26a1521de2/agent_status.sse?offset=0 => [200] OK
[GET] http://localhost:8000/api/jobs/658d75c0c7ff49f38a8adf26a1521de2 => [200] OK
[POST] http://localhost:8000/api/jobs => [200] OK
[GET] http://localhost:8000/api/jobs/658d75c0c7ff49f38a8adf26a1521de2/terminal.sse?offset=0 => [FAILED] net::ERR_ABORTED
[GET] http://localhost:8000/api/jobs/658d75c0c7ff49f38a8adf26a1521de2/agent_status.sse?offset=0 => [FAILED] net::ERR_ABORTED
[POST] http://localhost:8000/api/jobs/c0bcc1946efe44268d134574a44ecf2b/start => [200] OK
[GET] http://localhost:8000/api/jobs/c0bcc1946efe44268d134574a44ecf2b/terminal.sse?offset=0 => [200] OK
[GET] http://localhost:8000/api/jobs/c0bcc1946efe44268d134574a44ecf2b/agent_status.sse?offset=0 => [200] OK
[GET] http://localhost:8000/api/jobs/c0bcc1946efe44268d134574a44ecf2b => [200] OK
[GET] http://localhost:8000/api/jobs/658d75c0c7ff49f38a8adf26a1521de2/terminal.sse?offset=0 => [200] OK
[GET] http://localhost:8000/api/jobs/658d75c0c7ff49f38a8adf26a1521de2/agent_status.sse?offset=0 => [200] OK
[GET] http://localhost:8000/api/jobs/c0bcc1946efe44268d134574a44ecf2b => [200] OK
[GET] http://localhost:8000/api/jobs/c0bcc1946efe44268d134574a44ecf2b => [200] OK
[GET] http://localhost:8000/api/jobs/c0bcc1946efe44268d134574a44ecf2b => [200] OK
[GET] http://localhost:8000/api/jobs/c0bcc1946efe44268d134574a44ecf2b => [200] OK
[GET] http://localhost:8000/api/jobs/c0bcc1946efe44268d134574a44ecf2b => [200] OK
[GET] http://localhost:8000/api/jobs/c0bcc1946efe44268d134574a44ecf2b => [200] OK
[GET] http://localhost:8000/api/jobs/c0bcc1946efe44268d134574a44ecf2b => [200] OK
[GET] http://localhost:8000/api/jobs/c0bcc1946efe44268d134574a44ecf2b => [200] OK